<?xml version="1.0" encoding="UTF-8"?>
<testng-results ignored="0" total="1" passed="1" failed="0" skipped="0">
  <reporter-output>
  </reporter-output>
  <suite started-at="2024-03-18T21:50:33 IST" name="Default suite" finished-at="2024-03-18T21:50:56 IST" duration-ms="22478">
    <groups>
    </groups>
    <test started-at="2024-03-18T21:50:33 IST" name="Default test" finished-at="2024-03-18T21:50:56 IST" duration-ms="22478">
      <class name="com.obsqura.test.ExpenseRecordTest">
        <test-method is-config="true" signature="initDriver(java.lang.String)[pri:0, instance:com.obsqura.test.ExpenseRecordTest@1623b78d]" started-at="2024-03-18T21:50:33 IST" name="initDriver" finished-at="2024-03-18T21:50:44 IST" duration-ms="10697" status="PASS">
          <params>
            <param index="0">
              <value is-null="true"/>
            </param>
          </params>
          <reporter-output>
          </reporter-output>
        </test-method> <!-- initDriver -->
        <test-method signature="verifyUserIsAbleTocreateExpenseRecord()[pri:0, instance:com.obsqura.test.ExpenseRecordTest@1623b78d]" started-at="2024-03-18T21:50:44 IST" name="verifyUserIsAbleTocreateExpenseRecord" description="OBS123" finished-at="2024-03-18T21:50:55 IST" duration-ms="10946" status="PASS">
          <reporter-output>
          </reporter-output>
        </test-method> <!-- verifyUserIsAbleTocreateExpenseRecord -->
        <test-method is-config="true" signature="tearDown()[pri:0, instance:com.obsqura.test.ExpenseRecordTest@1623b78d]" started-at="2024-03-18T21:50:55 IST" name="tearDown" finished-at="2024-03-18T21:50:56 IST" duration-ms="711" status="PASS">
          <reporter-output>
          </reporter-output>
        </test-method> <!-- tearDown -->
      </class> <!-- com.obsqura.test.ExpenseRecordTest -->
    </test> <!-- Default test -->
  </suite> <!-- Default suite -->
</testng-results>
